生成启动时间为 2022/10/6 22:00:41。
     1>项目“D:\新建文件夹\斐波那契数列\斐波那契数列\斐波那契数列.vcxproj”在节点 2 上(build 个目标)。
     1>InitializeBuildStatus:
         正在创建“Debug\斐波那契数列.unsuccessfulbuild”，因为已指定“AlwaysCreate”。
       ClCompile:
         D:\visual studio 2010\VC\bin\CL.exe /c /ZI /nologo /W3 /WX- /Od /Oy- /D _UNICODE /D UNICODE /Gm /EHsc /RTC1 /MDd /GS /fp:precise /Zc:wchar_t /Zc:forScope /Fo"Debug\\" /Fd"Debug\vc100.pdb" /Gd /TP /analyze- /errorReport:prompt "斐波那契数列.cpp"
         斐波那契数列.cpp
     1>d:\新建文件夹\斐波那契数列\斐波那契数列\斐波那契数列.cpp(10): warning C4996: 'scanf': This function or variable may be unsafe. Consider using scanf_s instead. To disable deprecation, use _CRT_SECURE_NO_WARNINGS. See online help for details.
                 d:\visual studio 2010\vc\include\stdio.h(304) : 参见“scanf”的声明
       Link:
         D:\visual studio 2010\VC\bin\link.exe /ERRORREPORT:PROMPT /OUT:"D:\新建文件夹\斐波那契数列\Debug\斐波那契数列.exe" /NOLOGO kernel32.lib user32.lib gdi32.lib winspool.lib comdlg32.lib advapi32.lib shell32.lib ole32.lib oleaut32.lib uuid.lib odbc32.lib odbccp32.lib /MANIFEST /ManifestFile:"Debug\斐波那契数列.exe.intermediate.manifest" /MANIFESTUAC:"level='asInvoker' uiAccess='false'" /DEBUG /PDB:"D:\新建文件夹\斐波那契数列\Debug\斐波那契数列.pdb" /SUBSYSTEM:CONSOLE /TLBID:1 /DYNAMICBASE /NXCOMPAT /IMPLIB:"D:\新建文件夹\斐波那契数列\Debug\斐波那契数列.lib" /MACHINE:X86 "Debug\斐波那契数列.obj"
         LINK : 没有找到 D:\新建文件夹\斐波那契数列\Debug\斐波那契数列.exe 或上一个增量链接没有生成它；正在执行完全链接
         斐波那契数列.vcxproj -> D:\新建文件夹\斐波那契数列\Debug\斐波那契数列.exe
       Manifest:
         C:\Program Files (x86)\Microsoft SDKs\Windows\v7.0A\bin\mt.exe /nologo /verbose /outputresource:"D:\新建文件夹\斐波那契数列\Debug\斐波那契数列.exe;#1" /manifest "Debug\斐波那契数列.exe.intermediate.manifest"
       FinalizeBuildStatus:
         正在删除文件“Debug\斐波那契数列.unsuccessfulbuild”。
         正在对“Debug\斐波那契数列.lastbuildstate”执行 Touch 任务。
     1>已完成生成项目“D:\新建文件夹\斐波那契数列\斐波那契数列\斐波那契数列.vcxproj”(build 个目标)的操作。

生成成功。

已用时间 00:00:01.09
